Jasmine got blasted by the temple door at Tue Apr 20 11:15:36 1999.
Jasmine got blasted by the temple door at Tue Apr 20 11:15:40 1999.
Dulcinea got blasted by the temple door at Tue Apr 20 18:16:42 1999.
Lao got blasted by the temple door at Wed Apr 21 23:44:23 1999.
Ulath got blasted by the temple door at Thu Apr 22 12:54:02 1999.
Ulath got blasted by the temple door at Thu Apr 22 13:16:44 1999.
Ulath got blasted by the temple door at Mon Apr 26 17:52:56 1999.
Kortax got blasted by the temple door at Thu Apr 29 14:31:42 1999.
Kortax got blasted by the temple door at Fri Apr 30 22:13:34 1999.
Kortax got blasted by the temple door at Tue May  4 15:04:40 1999.
Someone got blasted by the temple door at Wed May  5 02:18:12 1999.
Someone got blasted by the temple door from trying to open it at Wed May  5 02:19:46 1999.
Ulath got blasted by the temple door at Wed May  5 10:16:31 1999.
Kortax got blasted by the temple door at Wed May  5 15:08:58 1999.
Kortax got blasted by the temple door at Fri May  7 21:26:34 1999.
Jasmine got blasted by the temple door at Sat May 15 09:34:41 1999.
Alandric got blasted by the temple door at Tue May 18 06:01:27 1999.
Creg got blasted by the temple door at Mon Jan 13 22:54:21 2020.
Creg got blasted by the temple door at Mon Jan 13 23:34:13 2020.
Tiny got blasted by the temple door at Sat Jan 18 15:50:55 2020.
Someone got blasted by the temple door at Mon Jan 20 20:50:15 2020.
Someone got blasted by the temple door at Mon Jan 20 20:50:29 2020.
The ghost of Scuzzy got blasted by the temple door at Wed Jan 29 17:10:56 2020.
Dalau got blasted by the temple door at Tue Apr  7 11:27:23 2020.
